<?xml version="1.0" encoding="UTF-8"?>
<coverage generated="1633338360796" clover="3.2.0">
  <project timestamp="1633338360796" name="All files">
    <metrics statements="30" coveredstatements="23" conditionals="4" coveredconditionals="1" methods="10" coveredmethods="5" elements="44" coveredelements="29" complexity="0" loc="30" ncloc="30" packages="1" files="2" classes="2"/>
    <file name="app.js" path="C:\Users\Alumne\Desktop\workspace\express-movies\app.js">
      <metrics statements="30" coveredstatements="23" conditionals="4" coveredconditionals="1" methods="10" coveredmethods="5"/>
      <line num="5" count="6" type="stmt"/>
      <line num="7" count="6" type="stmt"/>
      <line num="9" count="6" type="stmt"/>
      <line num="10" count="6" type="stmt"/>
      <line num="11" count="0" type="stmt"/>
      <line num="13" count="6" type="stmt"/>
      <line num="15" count="1" type="stmt"/>
      <line num="19" count="6" type="stmt"/>
      <line num="20" count="0" type="stmt"/>
      <line num="22" count="0" type="stmt"/>
      <line num="24" count="0" type="stmt"/>
      <line num="27" count="6" type="stmt"/>
      <line num="28" count="0" type="cond" truecount="0" falsecount="2"/>
      <line num="29" count="0" type="stmt"/>
      <line num="33" count="6" type="stmt"/>
      <line num="34" count="2" type="stmt"/>
      <line num="35" count="2" type="stmt"/>
      <line num="37" count="2" type="stmt"/>
      <line num="41" count="6" type="stmt"/>
      <line num="42" count="2" type="stmt"/>
      <line num="43" count="2" type="stmt"/>
      <line num="44" count="4" type="stmt"/>
      <line num="45" count="2" type="stmt"/>
      <line num="46" count="2" type="cond" truecount="1" falsecount="1"/>
      <line num="47" count="0" type="stmt"/>
      <line num="49" count="2" type="stmt"/>
      <line num="51" count="2" type="stmt"/>
      <line num="52" count="2" type="stmt"/>
      <line num="53" count="2" type="stmt"/>
      <line num="56" count="6" type="stmt"/>
    </file>
    <file name="movies.mock.js" path="C:\Users\Alumne\Desktop\workspace\express-movies\movies.mock.js">
      <metrics statements="0" coveredstatements="0" conditionals="0" coveredconditionals="0" methods="0" coveredmethods="0"/>
    </file>
  </project>
</coverage>
