<?xml version="1.0" encoding="UTF-8"?>
<coverage generated="1633089704837" clover="3.2.0">
  <project timestamp="1633089704837" name="All files">
    <metrics statements="17" coveredstatements="10" conditionals="2" coveredconditionals="0" methods="8" coveredmethods="2" elements="27" coveredelements="12" complexity="0" loc="17" ncloc="17" packages="1" files="2" classes="2"/>
    <file name="app.js" path="C:\Users\Alumne\Desktop\workspace\express-movies\app.js">
      <metrics statements="17" coveredstatements="10" conditionals="2" coveredconditionals="0" methods="8" coveredmethods="2"/>
      <line num="5" count="2" type="stmt"/>
      <line num="7" count="2" type="stmt"/>
      <line num="9" count="2" type="stmt"/>
      <line num="10" count="2" type="stmt"/>
      <line num="11" count="0" type="stmt"/>
      <line num="13" count="2" type="stmt"/>
      <line num="15" count="1" type="stmt"/>
      <line num="19" count="2" type="stmt"/>
      <line num="20" count="0" type="stmt"/>
      <line num="22" count="0" type="stmt"/>
      <line num="24" count="0" type="stmt"/>
      <line num="27" count="2" type="stmt"/>
      <line num="28" count="0" type="cond" truecount="0" falsecount="2"/>
      <line num="29" count="0" type="stmt"/>
      <line num="33" count="2" type="stmt"/>
      <line num="34" count="0" type="stmt"/>
      <line num="37" count="2" type="stmt"/>
    </file>
    <file name="movies.mock.js" path="C:\Users\Alumne\Desktop\workspace\express-movies\movies.mock.js">
      <metrics statements="0" coveredstatements="0" conditionals="0" coveredconditionals="0" methods="0" coveredmethods="0"/>
    </file>
  </project>
</coverage>
