{"C:\\Users\\Alumne\\Desktop\\workspace\\express-movies\\app.js": {"path":"C:\\Users\\Alumne\\Desktop\\workspace\\express-movies\\app.js","statementMap":{"0":{"start":{"line":5,"column":16},"end":{"line":5,"column":25}},"1":{"start":{"line":7,"column":4},"end":{"line":7,"column":28}},"2":{"start":{"line":9,"column":4},"end":{"line":9,"column":36}},"3":{"start":{"line":10,"column":4},"end":{"line":12,"column":6}},"4":{"start":{"line":11,"column":8},"end":{"line":11,"column":31}},"5":{"start":{"line":13,"column":4},"end":{"line":17,"column":6}},"6":{"start":{"line":15,"column":8},"end":{"line":15,"column":37}},"7":{"start":{"line":19,"column":4},"end":{"line":25,"column":6}},"8":{"start":{"line":20,"column":19},"end":{"line":20,"column":32}},"9":{"start":{"line":22,"column":22},"end":{"line":22,"column":67}},"10":{"start":{"line":22,"column":47},"end":{"line":22,"column":63}},"11":{"start":{"line":24,"column":8},"end":{"line":24,"column":36}},"12":{"start":{"line":27,"column":4},"end":{"line":31,"column":6}},"13":{"start":{"line":28,"column":8},"end":{"line":30,"column":9}},"14":{"start":{"line":29,"column":12},"end":{"line":29,"column":61}},"15":{"start":{"line":29,"column":37},"end":{"line":29,"column":59}},"16":{"start":{"line":33,"column":4},"end":{"line":39,"column":6}},"17":{"start":{"line":34,"column":22},"end":{"line":34,"column":30}},"18":{"start":{"line":35,"column":8},"end":{"line":35,"column":27}},"19":{"start":{"line":37,"column":8},"end":{"line":37,"column":43}},"20":{"start":{"line":41,"column":4},"end":{"line":55,"column":6}},"21":{"start":{"line":42,"column":19},"end":{"line":42,"column":32}},"22":{"start":{"line":43,"column":8},"end":{"line":43,"column":29}},"23":{"start":{"line":44,"column":24},"end":{"line":44,"column":67}},"24":{"start":{"line":44,"column":52},"end":{"line":44,"column":66}},"25":{"start":{"line":45,"column":8},"end":{"line":45,"column":39}},"26":{"start":{"line":46,"column":8},"end":{"line":47,"column":68}},"27":{"start":{"line":47,"column":12},"end":{"line":47,"column":68}},"28":{"start":{"line":49,"column":25},"end":{"line":49,"column":57}},"29":{"start":{"line":51,"column":8},"end":{"line":51,"column":30}},"30":{"start":{"line":52,"column":8},"end":{"line":52,"column":42}},"31":{"start":{"line":53,"column":8},"end":{"line":53,"column":34}},"32":{"start":{"line":56,"column":4},"end":{"line":56,"column":15}}},"fnMap":{"0":{"name":"(anonymous_0)","decl":{"start":{"line":4,"column":15},"end":{"line":4,"column":16}},"loc":{"start":{"line":4,"column":27},"end":{"line":57,"column":1}},"line":4},"1":{"name":"(anonymous_1)","decl":{"start":{"line":10,"column":17},"end":{"line":10,"column":18}},"loc":{"start":{"line":10,"column":31},"end":{"line":12,"column":5}},"line":10},"2":{"name":"(anonymous_2)","decl":{"start":{"line":13,"column":23},"end":{"line":13,"column":24}},"loc":{"start":{"line":13,"column":37},"end":{"line":17,"column":5}},"line":13},"3":{"name":"(anonymous_3)","decl":{"start":{"line":19,"column":27},"end":{"line":19,"column":28}},"loc":{"start":{"line":19,"column":41},"end":{"line":25,"column":5}},"line":19},"4":{"name":"(anonymous_4)","decl":{"start":{"line":22,"column":36},"end":{"line":22,"column":37}},"loc":{"start":{"line":22,"column":47},"end":{"line":22,"column":63}},"line":22},"5":{"name":"(anonymous_5)","decl":{"start":{"line":27,"column":35},"end":{"line":27,"column":36}},"loc":{"start":{"line":27,"column":49},"end":{"line":31,"column":5}},"line":27},"6":{"name":"(anonymous_6)","decl":{"start":{"line":29,"column":26},"end":{"line":29,"column":27}},"loc":{"start":{"line":29,"column":37},"end":{"line":29,"column":59}},"line":29},"7":{"name":"(anonymous_7)","decl":{"start":{"line":33,"column":24},"end":{"line":33,"column":25}},"loc":{"start":{"line":33,"column":38},"end":{"line":39,"column":5}},"line":33},"8":{"name":"(anonymous_8)","decl":{"start":{"line":41,"column":26},"end":{"line":41,"column":27}},"loc":{"start":{"line":41,"column":37},"end":{"line":55,"column":5}},"line":41},"9":{"name":"(anonymous_9)","decl":{"start":{"line":44,"column":41},"end":{"line":44,"column":42}},"loc":{"start":{"line":44,"column":52},"end":{"line":44,"column":66}},"line":44}},"branchMap":{"0":{"loc":{"start":{"line":28,"column":8},"end":{"line":30,"column":9}},"type":"if","locations":[{"start":{"line":28,"column":8},"end":{"line":30,"column":9}},{"start":{"line":28,"column":8},"end":{"line":30,"column":9}}],"line":28},"1":{"loc":{"start":{"line":46,"column":8},"end":{"line":47,"column":68}},"type":"if","locations":[{"start":{"line":46,"column":8},"end":{"line":47,"column":68}},{"start":{"line":46,"column":8},"end":{"line":47,"column":68}}],"line":46}},"s":{"0":6,"1":6,"2":6,"3":6,"4":0,"5":6,"6":1,"7":6,"8":0,"9":0,"10":0,"11":0,"12":6,"13":0,"14":0,"15":0,"16":6,"17":2,"18":2,"19":2,"20":6,"21":2,"22":2,"23":2,"24":4,"25":2,"26":2,"27":0,"28":2,"29":2,"30":2,"31":2,"32":6},"f":{"0":6,"1":0,"2":1,"3":0,"4":0,"5":0,"6":0,"7":2,"8":2,"9":4},"b":{"0":[0,0],"1":[0,2]},"inputSourceMap":null,"_coverageSchema":"1a1c01bbd47fc00a2c39e90264f33305004495a9","hash":"9441a9f278fb31b783901011c25bfdecf96a5b98"}
,"C:\\Users\\Alumne\\Desktop\\workspace\\express-movies\\movies.mock.js": {"path":"C:\\Users\\Alumne\\Desktop\\workspace\\express-movies\\movies.mock.js","statementMap":{},"fnMap":{},"branchMap":{},"s":{},"f":{},"b":{},"inputSourceMap":null,"_coverageSchema":"1a1c01bbd47fc00a2c39e90264f33305004495a9","hash":"67f735be861982079fba791ca1e589607657fca4"}
}
