TN:
SF:app.js
FN:4,(anonymous_0)
FN:10,(anonymous_1)
FN:13,(anonymous_2)
FN:19,(anonymous_3)
FN:22,(anonymous_4)
FN:27,(anonymous_5)
FN:29,(anonymous_6)
FN:33,(anonymous_7)
FNF:8
FNH:2
FNDA:2,(anonymous_0)
FNDA:0,(anonymous_1)
FNDA:1,(anonymous_2)
FNDA:0,(anonymous_3)
FNDA:0,(anonymous_4)
FNDA:0,(anonymous_5)
FNDA:0,(anonymous_6)
FNDA:0,(anonymous_7)
DA:5,2
DA:7,2
DA:9,2
DA:10,2
DA:11,0
DA:13,2
DA:15,1
DA:19,2
DA:20,0
DA:22,0
DA:24,0
DA:27,2
DA:28,0
DA:29,0
DA:33,2
DA:34,0
DA:37,2
LF:17
LH:10
BRDA:28,0,0,0
BRDA:28,0,1,0
BRF:2
BRH:0
end_of_record
TN:
SF:movies.mock.js
FNF:0
FNH:0
LF:0
LH:0
BRF:0
BRH:0
end_of_record
