TN:
SF:app.js
FN:4,(anonymous_0)
FN:10,(anonymous_1)
FN:13,(anonymous_2)
FN:19,(anonymous_3)
FN:22,(anonymous_4)
FN:27,(anonymous_5)
FN:29,(anonymous_6)
FN:33,(anonymous_7)
FN:41,(anonymous_8)
FN:44,(anonymous_9)
FNF:10
FNH:5
FNDA:6,(anonymous_0)
FNDA:0,(anonymous_1)
FNDA:1,(anonymous_2)
FNDA:0,(anonymous_3)
FNDA:0,(anonymous_4)
FNDA:0,(anonymous_5)
FNDA:0,(anonymous_6)
FNDA:2,(anonymous_7)
FNDA:2,(anonymous_8)
FNDA:4,(anonymous_9)
DA:5,6
DA:7,6
DA:9,6
DA:10,6
DA:11,0
DA:13,6
DA:15,1
DA:19,6
DA:20,0
DA:22,0
DA:24,0
DA:27,6
DA:28,0
DA:29,0
DA:33,6
DA:34,2
DA:35,2
DA:37,2
DA:41,6
DA:42,2
DA:43,2
DA:44,4
DA:45,2
DA:46,2
DA:47,0
DA:49,2
DA:51,2
DA:52,2
DA:53,2
DA:56,6
LF:30
LH:23
BRDA:28,0,0,0
BRDA:28,0,1,0
BRDA:46,1,0,0
BRDA:46,1,1,2
BRF:4
BRH:1
end_of_record
TN:
SF:movies.mock.js
FNF:0
FNH:0
LF:0
LH:0
BRF:0
BRH:0
end_of_record
